c:\users\cxs\documents\visual studio 2010\projects\directxsamples\tutorial07\win32window\debug\win32window.pch
c:\users\cxs\documents\visual studio 2010\projects\directxsamples\tutorial07\win32window\debug\vc140.pdb
c:\users\cxs\documents\visual studio 2010\projects\directxsamples\tutorial07\win32window\debug\vc140.idb
c:\users\cxs\documents\visual studio 2010\projects\directxsamples\tutorial07\win32window\debug\stdafx.obj
c:\users\cxs\documents\visual studio 2010\projects\directxsamples\tutorial07\win32window\debug\win32window.obj
c:\users\cxs\documents\visual studio 2010\projects\directxsamples\tutorial07\debug\win32window.ilk
c:\users\cxs\documents\visual studio 2010\projects\directxsamples\tutorial07\debug\win32window.exe
c:\users\cxs\documents\visual studio 2010\projects\directxsamples\tutorial07\debug\win32window.pdb
c:\users\cxs\documents\visual studio 2010\projects\directxsamples\tutorial07\win32window\debug\resource.res
c:\users\cxs\documents\visual studio 2010\projects\directxsamples\tutorial07\win32window\debug\win32window2.res
c:\users\cxs\documents\visual studio 2010\projects\directxsamples\tutorial07\win32window\debug\win32window.res
c:\users\cxs\documents\visual studio 2010\projects\directxsamples\tutorial07\win32window\debug\win32window.tlog\cl.command.1.tlog
c:\users\cxs\documents\visual studio 2010\projects\directxsamples\tutorial07\win32window\debug\win32window.tlog\cl.read.1.tlog
c:\users\cxs\documents\visual studio 2010\projects\directxsamples\tutorial07\win32window\debug\win32window.tlog\cl.write.1.tlog
c:\users\cxs\documents\visual studio 2010\projects\directxsamples\tutorial07\win32window\debug\win32window.tlog\link.command.1.tlog
c:\users\cxs\documents\visual studio 2010\projects\directxsamples\tutorial07\win32window\debug\win32window.tlog\link.read.1.tlog
c:\users\cxs\documents\visual studio 2010\projects\directxsamples\tutorial07\win32window\debug\win32window.tlog\link.write.1.tlog
c:\users\cxs\documents\visual studio 2010\projects\directxsamples\tutorial07\win32window\debug\win32window.tlog\rc.command.1.tlog
c:\users\cxs\documents\visual studio 2010\projects\directxsamples\tutorial07\win32window\debug\win32window.tlog\rc.read.1.tlog
c:\users\cxs\documents\visual studio 2010\projects\directxsamples\tutorial07\win32window\debug\win32window.tlog\rc.write.1.tlog
