c:\users\cxs\documents\visual studio 2010\projects\directxsamples\tutorial07\release\vc140.pdb
c:\users\cxs\documents\visual studio 2010\projects\directxsamples\tutorial07\release\tutorial07.obj
c:\users\cxs\documents\visual studio 2010\projects\directxsamples\tutorial07\release\main.obj
c:\users\cxs\documents\visual studio 2010\projects\directxsamples\tutorial07\release\winddrawd3d.obj
c:\users\cxs\documents\visual studio 2010\projects\directxsamples\tutorial07\release\tutorial07.exe
c:\users\cxs\documents\visual studio 2010\projects\directxsamples\tutorial07\release\tutorial07.pdb
c:\users\cxs\documents\visual studio 2010\projects\directxsamples\tutorial07\release\tutorial07.res
c:\users\cxs\documents\visual studio 2010\projects\directxsamples\tutorial07\release\consoleapp1.ipdb
c:\users\cxs\documents\visual studio 2010\projects\directxsamples\tutorial07\release\hookdll.ipdb
c:\users\cxs\documents\visual studio 2010\projects\directxsamples\tutorial07\release\tutorial07.ipdb
c:\users\cxs\documents\visual studio 2010\projects\directxsamples\tutorial07\release\win32window.ipdb
c:\users\cxs\documents\visual studio 2010\projects\directxsamples\tutorial07\release\consoleapp1.iobj
c:\users\cxs\documents\visual studio 2010\projects\directxsamples\tutorial07\release\hookdll.iobj
c:\users\cxs\documents\visual studio 2010\projects\directxsamples\tutorial07\release\tutorial07.iobj
c:\users\cxs\documents\visual studio 2010\projects\directxsamples\tutorial07\release\win32window.iobj
c:\users\cxs\documents\visual studio 2010\projects\directxsamples\tutorial07\release\hookdll.exp
c:\users\cxs\documents\visual studio 2010\projects\directxsamples\tutorial07\release\consoleapp1.pdb
c:\users\cxs\documents\visual studio 2010\projects\directxsamples\tutorial07\release\hookdll.pdb
c:\users\cxs\documents\visual studio 2010\projects\directxsamples\tutorial07\release\win32window.pdb
c:\users\cxs\documents\visual studio 2010\projects\directxsamples\tutorial07\release\tutorial07.tlog\cl.command.1.tlog
c:\users\cxs\documents\visual studio 2010\projects\directxsamples\tutorial07\release\tutorial07.tlog\cl.read.1.tlog
c:\users\cxs\documents\visual studio 2010\projects\directxsamples\tutorial07\release\tutorial07.tlog\cl.write.1.tlog
c:\users\cxs\documents\visual studio 2010\projects\directxsamples\tutorial07\release\tutorial07.tlog\link.command.1.tlog
c:\users\cxs\documents\visual studio 2010\projects\directxsamples\tutorial07\release\tutorial07.tlog\link.read.1.tlog
c:\users\cxs\documents\visual studio 2010\projects\directxsamples\tutorial07\release\tutorial07.tlog\link.write.1.tlog
c:\users\cxs\documents\visual studio 2010\projects\directxsamples\tutorial07\release\tutorial07.tlog\rc.command.1.tlog
c:\users\cxs\documents\visual studio 2010\projects\directxsamples\tutorial07\release\tutorial07.tlog\rc.read.1.tlog
c:\users\cxs\documents\visual studio 2010\projects\directxsamples\tutorial07\release\tutorial07.tlog\rc.write.1.tlog
